
=CRASH REPORT==== 7-Jun-2017::16:46:05 ===
  crasher:
    initial call: application_master:init/4
    pid: <0.109.0>
    registered_name: []
    exception exit: {{table_creation_failed,rabbit_runtime_parameters,
                         [{record_name,runtime_parameters},
                          {attributes,[key,value]},
                          {disc_copies,[rabbit@localhost]}],
                         {system_limit,rabbit_runtime_parameters,
                             {"Failed to create disc table",
                              {file_error,
                                  "/opt/bitnami/rabbitmq/var/lib/rabbitmq/mnesia/rabbit@localhost/rabbit_runtime_parameters.DCD",
                                  enoent}}}},
                     {rabbit,start,[normal,[]]}}
      in function  application_master:init/4 (application_master.erl, line 133)
    ancestors: [<0.108.0>]
    messages: [{'EXIT',<0.110.0>,normal}]
    links: [<0.108.0>,<0.7.0>]
    dictionary: []
    trap_exit: true
    status: running
    heap_size: 2586
    stack_size: 27
    reductions: 248
  neighbours:

=CRASH REPORT==== 7-Jun-2017::16:46:13 ===
  crasher:
    initial call: application_master:init/4
    pid: <0.147.0>
    registered_name: []
    exception exit: {{schema_integrity_check_failed,
                         [{table_missing,rabbit_exchange_serial},
                          {table_missing,rabbit_runtime_parameters},
                          {table_missing,rabbit_durable_queue},
                          {table_missing,rabbit_queue},
                          {table_missing,gm_group},
                          {table_missing,mirrored_sup_childspec}]},
                     {rabbit,start,[normal,[]]}}
      in function  application_master:init/4 (application_master.erl, line 133)
    ancestors: [<0.146.0>]
    messages: [{'EXIT',<0.148.0>,normal}]
    links: [<0.146.0>,<0.7.0>]
    dictionary: []
    trap_exit: true
    status: running
    heap_size: 1598
    stack_size: 27
    reductions: 207
  neighbours:
